c:\users\ozaki\desktop\bomberman1.0block\directxver0.2\deferredrenderer\x64\release\vc142.pdb
c:\users\ozaki\desktop\bomberman1.0block\directxver0.2\deferredrenderer\x64\release\unityexportskinnedmodel.obj
c:\users\ozaki\desktop\bomberman1.0block\directxver0.2\deferredrenderer\x64\release\unityexportmodel.obj
c:\users\ozaki\desktop\bomberman1.0block\directxver0.2\deferredrenderer\x64\release\player.obj
c:\users\ozaki\desktop\bomberman1.0block\directxver0.2\deferredrenderer\x64\release\back.obj
c:\users\ozaki\desktop\bomberman1.0block\directxver0.2\deferredrenderer\x64\release\obb.obj
c:\users\ozaki\desktop\bomberman1.0block\directxver0.2\deferredrenderer\x64\release\myinput8.obj
c:\users\ozaki\desktop\bomberman1.0block\directxver0.2\deferredrenderer\x64\release\main.obj
c:\users\ozaki\desktop\bomberman1.0block\directxver0.2\deferredrenderer\x64\release\input.obj
c:\users\ozaki\desktop\bomberman1.0block\directxver0.2\deferredrenderer\x64\release\directx11manager.obj
c:\users\ozaki\desktop\bomberman1.0block\directxver0.2\deferredrenderer\x64\release\d3d11font.obj
c:\users\ozaki\desktop\bomberman1.0block\directxver0.2\deferredrenderer\x64\release\camera.obj
c:\users\ozaki\desktop\bomberman1.0block\directxver0.2\deferredrenderer\x64\release\bombman.obj
c:\users\ozaki\desktop\bomberman1.0block\directxver0.2\deferredrenderer\x64\release\audio2.obj
c:\users\ozaki\desktop\bomberman1.0block\directxver0.2\deferredrenderer\x64\release\imgui_widgets.obj
c:\users\ozaki\desktop\bomberman1.0block\directxver0.2\deferredrenderer\x64\release\imgui_draw.obj
c:\users\ozaki\desktop\bomberman1.0block\directxver0.2\deferredrenderer\x64\release\imgui.obj
c:\users\ozaki\desktop\bomberman1.0block\directxver0.2\deferredrenderer\x64\release\imgui_impl_win32.obj
c:\users\ozaki\desktop\bomberman1.0block\directxver0.2\deferredrenderer\x64\release\imgui_impl_dx11.obj
c:\users\ozaki\desktop\bomberman1.0block\directxver0.2\x64\release\directx11.exe
c:\users\ozaki\desktop\bomberman1.0block\directxver0.2\deferredrenderer\x64\release\directx11.ipdb
c:\users\ozaki\desktop\bomberman1.0block\directxver0.2\deferredrenderer\x64\release\directx11.iobj
c:\users\ozaki\desktop\bomberman1.0block\directxver0.2\x64\release\directx11.pdb
c:\users\ozaki\desktop\bomberman1.0block\directxver0.2\deferredrenderer\x64\release\directx11.tlog\cl.command.1.tlog
c:\users\ozaki\desktop\bomberman1.0block\directxver0.2\deferredrenderer\x64\release\directx11.tlog\cl.read.1.tlog
c:\users\ozaki\desktop\bomberman1.0block\directxver0.2\deferredrenderer\x64\release\directx11.tlog\cl.write.1.tlog
c:\users\ozaki\desktop\bomberman1.0block\directxver0.2\deferredrenderer\x64\release\directx11.tlog\link.command.1.tlog
c:\users\ozaki\desktop\bomberman1.0block\directxver0.2\deferredrenderer\x64\release\directx11.tlog\link.read.1.tlog
c:\users\ozaki\desktop\bomberman1.0block\directxver0.2\deferredrenderer\x64\release\directx11.tlog\link.write.1.tlog
