c:\users\ga3\desktop\3ⅾmodel練習用unitychan\directxver0.2\deferredrenderer\x64\debug\vc142.pdb
c:\users\ga3\desktop\3ⅾmodel練習用unitychan\directxver0.2\deferredrenderer\x64\debug\vc142.idb
c:\users\ga3\desktop\3ⅾmodel練習用unitychan\directxver0.2\deferredrenderer\x64\debug\unityexportskinnedmodel.obj
c:\users\ga3\desktop\3ⅾmodel練習用unitychan\directxver0.2\deferredrenderer\x64\debug\unityexportmodel.obj
c:\users\ga3\desktop\3ⅾmodel練習用unitychan\directxver0.2\deferredrenderer\x64\debug\player.obj
c:\users\ga3\desktop\3ⅾmodel練習用unitychan\directxver0.2\deferredrenderer\x64\debug\back.obj
c:\users\ga3\desktop\3ⅾmodel練習用unitychan\directxver0.2\deferredrenderer\x64\debug\obb.obj
c:\users\ga3\desktop\3ⅾmodel練習用unitychan\directxver0.2\deferredrenderer\x64\debug\myinput8.obj
c:\users\ga3\desktop\3ⅾmodel練習用unitychan\directxver0.2\deferredrenderer\x64\debug\main.obj
c:\users\ga3\desktop\3ⅾmodel練習用unitychan\directxver0.2\deferredrenderer\x64\debug\input.obj
c:\users\ga3\desktop\3ⅾmodel練習用unitychan\directxver0.2\deferredrenderer\x64\debug\directx11manager.obj
c:\users\ga3\desktop\3ⅾmodel練習用unitychan\directxver0.2\deferredrenderer\x64\debug\d3d11font.obj
c:\users\ga3\desktop\3ⅾmodel練習用unitychan\directxver0.2\deferredrenderer\x64\debug\camera.obj
c:\users\ga3\desktop\3ⅾmodel練習用unitychan\directxver0.2\deferredrenderer\x64\debug\audio2.obj
c:\users\ga3\desktop\3ⅾmodel練習用unitychan\directxver0.2\deferredrenderer\x64\debug\imgui_widgets.obj
c:\users\ga3\desktop\3ⅾmodel練習用unitychan\directxver0.2\deferredrenderer\x64\debug\imgui_draw.obj
c:\users\ga3\desktop\3ⅾmodel練習用unitychan\directxver0.2\deferredrenderer\x64\debug\imgui.obj
c:\users\ga3\desktop\3ⅾmodel練習用unitychan\directxver0.2\deferredrenderer\x64\debug\imgui_impl_win32.obj
c:\users\ga3\desktop\3ⅾmodel練習用unitychan\directxver0.2\deferredrenderer\x64\debug\imgui_impl_dx11.obj
c:\users\ga3\desktop\3ⅾmodel練習用unitychan\directxver0.2\x64\debug\directx11.exe
c:\users\ga3\desktop\3ⅾmodel練習用unitychan\directxver0.2\x64\debug\directx11.ilk
c:\users\ga3\desktop\3ⅾmodel練習用unitychan\directxver0.2\x64\debug\directx11.pdb
c:\users\ga3\desktop\3ⅾmodel練習用unitychan\directxver0.2\deferredrenderer\x64\debug\directx11.tlog\cl.command.1.tlog
c:\users\ga3\desktop\3ⅾmodel練習用unitychan\directxver0.2\deferredrenderer\x64\debug\directx11.tlog\cl.read.1.tlog
c:\users\ga3\desktop\3ⅾmodel練習用unitychan\directxver0.2\deferredrenderer\x64\debug\directx11.tlog\cl.write.1.tlog
c:\users\ga3\desktop\3ⅾmodel練習用unitychan\directxver0.2\deferredrenderer\x64\debug\directx11.tlog\link.command.1.tlog
c:\users\ga3\desktop\3ⅾmodel練習用unitychan\directxver0.2\deferredrenderer\x64\debug\directx11.tlog\link.read.1.tlog
c:\users\ga3\desktop\3ⅾmodel練習用unitychan\directxver0.2\deferredrenderer\x64\debug\directx11.tlog\link.write.1.tlog
